<?xml version="1.0" encoding="UTF-8"?>
<!-- Generated by org.testng.reporters.JUnitReportReporter -->
<testsuite hostname="LAPYPRINCE" failures="0" tests="1" name="TestNG.Test" time="16.562" errors="0" timestamp="2024-08-19T15:01:50 IST" skipped="0">
  <testcase classname="TestNG.Test" name="main1" time="16.562"/>
</testsuite> <!-- TestNG.Test -->
